[ 2019-03-31T19:46:53+08:00 ] 123.121.14.195 /wxshare/index.php/Share/show?roomnum=
INFO: [ app_init ] --START--
INFO: Run Behavior\BuildLiteBehavior [ RunTime:0.000006s ]
INFO: [ app_init ] --END-- [ RunTime:0.000029s ]
INFO: [ app_begin ] --START--
INFO: Run Behavior\ReadHtmlCacheBehavior [ RunTime:0.000223s ]
INFO: [ app_begin ] --END-- [ RunTime:0.000243s ]
NOTIC: [2] Declaration of Home\Controller\ShareController::show() should be compatible with Think\Controller::show($content, $charset = '', $contentType = '', $prefix = '') /data/wwwroot/www.tencentcdn.com/wxshare/Application/Home/Controller/ShareController.class.php 第 611 行.
SQL: SHOW COLUMNS FROM `cmf_users` [ RunTime:0.0006s ]
SQL: SHOW COLUMNS FROM `cmf_users_live` [ RunTime:0.0004s ]
SQL: SHOW COLUMNS FROM `cmf_config_private` [ RunTime:0.0011s ]
SQL: SELECT * FROM `cmf_config_private` WHERE ( id='1' ) LIMIT 1   [ RunTime:0.0006s ]
SQL: SHOW COLUMNS FROM `cmf_config` [ RunTime:0.0007s ]
SQL: SELECT * FROM `cmf_config` WHERE ( id='1' ) LIMIT 1   [ RunTime:0.0004s ]
SQL: SELECT `uid`,`user_nicename`,`avatar`,`avatar_thumb`,`islive`,`stream`,`pull`,`isvideo`,`type`,`goodnum`,`wy_cid` FROM `cmf_users_live` WHERE ( uid='0' and islive='1' ) LIMIT 1   [ RunTime:0.0003s ]
SQL: SELECT `id`,`user_nicename`,`avatar`,`avatar_thumb` FROM `cmf_users` WHERE ( id='0' ) LIMIT 1   [ RunTime:0.0002s ]
SQL: SHOW COLUMNS FROM `cmf_liang` [ RunTime:0.0003s ]
SQL: SELECT * FROM `cmf_liang` WHERE ( uid=0 and status=1 and state=1 ) LIMIT 1   [ RunTime:0.0004s ]
NOTIC: [8] Undefined index: isvideo /data/wwwroot/www.tencentcdn.com/wxshare/Application/Home/Controller/ShareController.class.php 第 61 行.
NOTIC: [8] Undefined index: type /data/wwwroot/www.tencentcdn.com/wxshare/Application/Home/Controller/ShareController.class.php 第 76 行.
NOTIC: [8] Undefined variable: userinfo /data/wwwroot/www.tencentcdn.com/wxshare/Application/Home/Controller/ShareController.class.php 第 95 行.
NOTIC: [8] Undefined variable: userinfo /data/wwwroot/www.tencentcdn.com/wxshare/Application/Home/Controller/ShareController.class.php 第 96 行.
INFO: [ view_parse ] --START--
INFO: [ template_filter ] --START--
INFO: Run Behavior\ContentReplaceBehavior [ RunTime:0.000145s ]
INFO: [ template_filter ] --END-- [ RunTime:0.000169s ]
NOTIC: [8] Undefined index: stream /data/wwwroot/www.tencentcdn.com/wxshare/Application/Runtime/Cache/Home/fc1b44603069baeed8bb5c39d030251e.php 第 24 行.
NOTIC: [8] Undefined index: type /data/wwwroot/www.tencentcdn.com/wxshare/Application/Runtime/Cache/Home/fc1b44603069baeed8bb5c39d030251e.php 第 123 行.
NOTIC: [8] Undefined index: type /data/wwwroot/www.tencentcdn.com/wxshare/Application/Runtime/Cache/Home/fc1b44603069baeed8bb5c39d030251e.php 第 124 行.
INFO: Run Behavior\ParseTemplateBehavior [ RunTime:0.005337s ]
INFO: [ view_parse ] --END-- [ RunTime:0.005357s ]
INFO: [ view_filter ] --START--
INFO: Run Behavior\WriteHtmlCacheBehavior [ RunTime:0.000081s ]
INFO: [ view_filter ] --END-- [ RunTime:0.000098s ]
INFO: [ app_end ] --START--
INFO: Run Behavior\ShowPageTraceBehavior [ RunTime:0.000256s ]
INFO: [ app_end ] --END-- [ RunTime:0.000278s ]

[ 2019-03-31T19:46:54+08:00 ] 123.121.14.195 /wxshare/index.php/Share/show?roomnum=
INFO: [ app_init ] --START--
INFO: Run Behavior\BuildLiteBehavior [ RunTime:0.000005s ]
INFO: [ app_init ] --END-- [ RunTime:0.000027s ]
INFO: [ app_begin ] --START--
INFO: Run Behavior\ReadHtmlCacheBehavior [ RunTime:0.000206s ]
INFO: [ app_begin ] --END-- [ RunTime:0.000233s ]
NOTIC: [2] Declaration of Home\Controller\ShareController::show() should be compatible with Think\Controller::show($content, $charset = '', $contentType = '', $prefix = '') /data/wwwroot/www.tencentcdn.com/wxshare/Application/Home/Controller/ShareController.class.php 第 611 行.
SQL: SHOW COLUMNS FROM `cmf_users` [ RunTime:0.0007s ]
SQL: SHOW COLUMNS FROM `cmf_users_live` [ RunTime:0.0004s ]
SQL: SHOW COLUMNS FROM `cmf_config_private` [ RunTime:0.0010s ]
SQL: SELECT * FROM `cmf_config_private` WHERE ( id='1' ) LIMIT 1   [ RunTime:0.0002s ]
SQL: SHOW COLUMNS FROM `cmf_config` [ RunTime:0.0006s ]
SQL: SELECT * FROM `cmf_config` WHERE ( id='1' ) LIMIT 1   [ RunTime:0.0001s ]
SQL: SELECT `uid`,`user_nicename`,`avatar`,`avatar_thumb`,`islive`,`stream`,`pull`,`isvideo`,`type`,`goodnum`,`wy_cid` FROM `cmf_users_live` WHERE ( uid='0' and islive='1' ) LIMIT 1   [ RunTime:0.0001s ]
SQL: SELECT `id`,`user_nicename`,`avatar`,`avatar_thumb` FROM `cmf_users` WHERE ( id='0' ) LIMIT 1   [ RunTime:0.0000s ]
SQL: SHOW COLUMNS FROM `cmf_liang` [ RunTime:0.0003s ]
SQL: SELECT * FROM `cmf_liang` WHERE ( uid=0 and status=1 and state=1 ) LIMIT 1   [ RunTime:0.0001s ]
NOTIC: [8] Undefined index: isvideo /data/wwwroot/www.tencentcdn.com/wxshare/Application/Home/Controller/ShareController.class.php 第 61 行.
NOTIC: [8] Undefined index: type /data/wwwroot/www.tencentcdn.com/wxshare/Application/Home/Controller/ShareController.class.php 第 76 行.
NOTIC: [8] Undefined variable: userinfo /data/wwwroot/www.tencentcdn.com/wxshare/Application/Home/Controller/ShareController.class.php 第 95 行.
NOTIC: [8] Undefined variable: userinfo /data/wwwroot/www.tencentcdn.com/wxshare/Application/Home/Controller/ShareController.class.php 第 96 行.
INFO: [ view_parse ] --START--
INFO: [ template_filter ] --START--
INFO: Run Behavior\ContentReplaceBehavior [ RunTime:0.000130s ]
INFO: [ template_filter ] --END-- [ RunTime:0.000149s ]
NOTIC: [8] Undefined index: stream /data/wwwroot/www.tencentcdn.com/wxshare/Application/Runtime/Cache/Home/fc1b44603069baeed8bb5c39d030251e.php 第 24 行.
NOTIC: [8] Undefined index: type /data/wwwroot/www.tencentcdn.com/wxshare/Application/Runtime/Cache/Home/fc1b44603069baeed8bb5c39d030251e.php 第 123 行.
NOTIC: [8] Undefined index: type /data/wwwroot/www.tencentcdn.com/wxshare/Application/Runtime/Cache/Home/fc1b44603069baeed8bb5c39d030251e.php 第 124 行.
INFO: Run Behavior\ParseTemplateBehavior [ RunTime:0.005062s ]
INFO: [ view_parse ] --END-- [ RunTime:0.005077s ]
INFO: [ view_filter ] --START--
INFO: Run Behavior\WriteHtmlCacheBehavior [ RunTime:0.000101s ]
INFO: [ view_filter ] --END-- [ RunTime:0.000115s ]
INFO: [ app_end ] --START--
INFO: Run Behavior\ShowPageTraceBehavior [ RunTime:0.000237s ]
INFO: [ app_end ] --END-- [ RunTime:0.000257s ]

