2019-03-08 11:17:59|DEBUG|succeed to upload file to qiniu|{"hash":"FiiIqDwH-4GgH0jOvJkJxUQMi13i","key":"20190308111757_1570634d9061ede831119f7d06d01f06"}
2019-03-08 11:18:00|DEBUG|succeed to upload file to qiniu|{"hash":"FiiIqDwH-4GgH0jOvJkJxUQMi13i","key":"20190308111759_53ab04a67e6d8701a0ec456c1124748a"}
2019-03-08 11:18:47|DEBUG|succeed to upload file to qiniu|{"hash":"FrYhUKJzkNmxE2445pNgAnrAvPGK","key":"20190308111846_ecc65778407fb45f74807886ecef35cb"}
2019-03-08 11:19:58|DEBUG|succeed to upload file to qiniu|{"hash":"FiiIqDwH-4GgH0jOvJkJxUQMi13i","key":"20190308111957_12049ed71e66814e41bb387c97b9d9e6"}
2019-03-08 11:21:09|DEBUG|succeed to upload file to qiniu|{"hash":"Fun3hkesl-blsIK0GqftBQJTbZxH","key":"20190308112108_ac5348aa255c8a8ca9381941c1d1cefb"}
2019-03-08 11:58:46|DEBUG|succeed to upload file to qiniu|{"hash":"Fq4SAHbpsGDECcXTZYf6zs1J9eRp","key":"20190308115845_4c40bdf56b72bc5fde6397d6025c2820"}
2019-03-08 12:04:30|DEBUG|succeed to upload file to qiniu|{"hash":"FiKa1dkllL6jLh9JZgSiymEeNWta","key":"20190308120428_0b809f59e8f6c5cd708ffeabc7771cb1"}
2019-03-08 12:07:31|DEBUG|succeed to upload file to qiniu|{"hash":"FiiIqDwH-4GgH0jOvJkJxUQMi13i","key":"20190308120730_c49838ccdfd7e69ee029122b04651cc7"}
2019-03-08 12:07:34|DEBUG|succeed to upload file to qiniu|{"hash":"FiiIqDwH-4GgH0jOvJkJxUQMi13i","key":"20190308120733_188e91883f9aa978c37550253166c12a"}
2019-03-08 12:08:36|DEBUG|succeed to upload file to qiniu|{"hash":"FiiIqDwH-4GgH0jOvJkJxUQMi13i","key":"20190308120835_77f8cad0d704c85de175fcfc615173f7"}
2019-03-08 12:08:43|DEBUG|succeed to upload file to qiniu|{"hash":"FiiIqDwH-4GgH0jOvJkJxUQMi13i","key":"20190308120842_b4181e6df2db681b03cae5bd941ba1ee"}
2019-03-08 12:11:08|DEBUG|succeed to upload file to qiniu|{"hash":"FiiIqDwH-4GgH0jOvJkJxUQMi13i","key":"20190308121108_e6a1de5911f226882e32462a78a4d39a"}
2019-03-08 12:11:10|DEBUG|succeed to upload file to qiniu|{"hash":"FiiIqDwH-4GgH0jOvJkJxUQMi13i","key":"20190308121109_94990dfda1558544c18d90c4a869e619"}
2019-03-08 12:11:39|DEBUG|succeed to upload file to qiniu|{"hash":"FiiIqDwH-4GgH0jOvJkJxUQMi13i","key":"20190308121138_474e0929a82045784e8d2e29dd139ee1"}
2019-03-08 12:13:40|DEBUG|succeed to upload file to qiniu|{"hash":"FlJbNDxfzbWonz1aaZd5dDNIXK94","key":"20190308121339_e7295f1e83bb77fc365d235816fce98d"}
2019-03-08 12:14:42|DEBUG|succeed to upload file to qiniu|{"hash":"Fh_weCnBYxQ_B99lqFpr_cKYWUp-","key":"20190308121441_5ec4be6b2a2ae34259e414e5dddeeaf1"}
2019-03-08 12:14:44|DEBUG|succeed to upload file to qiniu|{"hash":"Fh_weCnBYxQ_B99lqFpr_cKYWUp-","key":"20190308121443_a7dc73edcff8ab31a495d2542405214b"}
2019-03-08 12:15:37|DEBUG|succeed to upload file to qiniu|{"hash":"Fqpr7H_eXO7QJbVO3hA2VRkr2e2o","key":"20190308121536_3f9f1cab53a3babdcff52151775ad8e1"}
2019-03-08 12:15:37|DEBUG|succeed to upload file to qiniu|{"hash":"Fqpr7H_eXO7QJbVO3hA2VRkr2e2o","key":"20190308121537_cf136e5af6935fa2030527cd050ade91"}
2019-03-08 12:17:16|DEBUG|succeed to upload file to qiniu|{"hash":"Fh_weCnBYxQ_B99lqFpr_cKYWUp-","key":"20190308121715_4f18952c86adefd9b7729c7fd4eee631"}
2019-03-08 12:17:17|DEBUG|succeed to upload file to qiniu|{"hash":"Fh_weCnBYxQ_B99lqFpr_cKYWUp-","key":"20190308121716_02c81f23f4f21c72b4ca717d9045c4d0"}
2019-03-08 12:17:18|DEBUG|succeed to upload file to qiniu|{"hash":"Fh_weCnBYxQ_B99lqFpr_cKYWUp-","key":"20190308121716_a8ed77bed76cedd16c419777c9e4928f"}
2019-03-08 12:18:21|DEBUG|succeed to upload file to qiniu|{"hash":"FhGTWXPSmzBe9Q1o_hVvTQERkJN5","key":"20190308121820_479abf98dca6573b685c9d73d29ff07a"}
2019-03-08 12:18:21|DEBUG|succeed to upload file to qiniu|{"hash":"FhGTWXPSmzBe9Q1o_hVvTQERkJN5","key":"20190308121820_332e8af23b1207fef082044a09662979"}
2019-03-08 12:18:22|DEBUG|succeed to upload file to qiniu|{"hash":"FhGTWXPSmzBe9Q1o_hVvTQERkJN5","key":"20190308121821_3e5a16c3789772737d2e89a527f570ae"}
2019-03-08 12:18:22|DEBUG|succeed to upload file to qiniu|{"hash":"FhGTWXPSmzBe9Q1o_hVvTQERkJN5","key":"20190308121821_7fd65e752a4e3defcdac27b0facbb98d"}
2019-03-08 12:20:41|DEBUG|succeed to upload file to qiniu|{"hash":"FvMBb0I1w3GVZRkh_bmCWfJIYYiO","key":"20190308122040_1ac276f04ffdfbde5543ef74809062b4"}
2019-03-08 12:20:41|DEBUG|succeed to upload file to qiniu|{"hash":"FvMBb0I1w3GVZRkh_bmCWfJIYYiO","key":"20190308122041_86059054a7967f5437e3f3f6e1e4130b"}
2019-03-08 12:21:20|DEBUG|succeed to upload file to qiniu|{"hash":"Fky7QFzcwhzAjEd-DLgdkHtpboyo","key":"20190308122118_502863203a0f5426a89993186d58088b"}
2019-03-08 12:22:18|DEBUG|succeed to upload file to qiniu|{"hash":"FhyB4D-f56F-h-S32l4JJziopI3X","key":"20190308122216_6c01b35cf408163f277e66906e5107c6"}
2019-03-08 14:47:46|DEBUG|succeed to upload file to qiniu|{"hash":"FvvvISKaFm7pYEPev08eFd2GsTU6","key":"20190308144744_4a739b30c261e445615a5d57db3fe01f"}
2019-03-08 14:47:47|DEBUG|succeed to upload file to qiniu|{"hash":"FvvvISKaFm7pYEPev08eFd2GsTU6","key":"20190308144745_a18808a7ca549027799d4d0cd3c51c2f"}
2019-03-08 14:47:47|DEBUG|succeed to upload file to qiniu|{"hash":"FvvvISKaFm7pYEPev08eFd2GsTU6","key":"20190308144746_709db1a79a6133f277ef7b69796c332b"}
2019-03-08 15:26:12|DEBUG|succeed to upload file to qiniu|{"hash":"Fh_weCnBYxQ_B99lqFpr_cKYWUp-","key":"20190308152610_a8f294ae766aa3cd5f377585db9721f9"}
2019-03-08 15:31:09|DEBUG|succeed to upload file to qiniu|{"hash":"FiiIqDwH-4GgH0jOvJkJxUQMi13i","key":"20190308153107_26e948574eaf0bd901f4f3df8c8d54b2"}
