2019-03-23 14:07:19|DEBUG|failed to upload file to qiniu|{"Err":"incorrect region, please use up-as0.qiniup.com","Reqid":"vUwAADf_nuJvgY4V","Details":"","Code":400}
2019-03-23 14:09:31|DEBUG|failed to upload file to qiniu|{"Err":"incorrect region, please use up-as0.qiniup.com","Reqid":"IhkAAAsnOJ-OgY4V","Details":"","Code":400}
2019-03-23 14:09:33|DEBUG|failed to upload file to qiniu|{"Err":"incorrect region, please use up-as0.qiniup.com","Reqid":"FSsAAJ2ExhaPgY4V","Details":"","Code":400}
2019-03-23 14:09:50|DEBUG|failed to upload file to qiniu|{"Err":"incorrect region, please use up-as0.qiniup.com","Reqid":"FSsAAKiHvwuTgY4V","Details":"","Code":400}
2019-03-23 14:09:52|DEBUG|failed to upload file to qiniu|{"Err":"incorrect region, please use up-as0.qiniup.com","Reqid":"IhkAAKvrupuTgY4V","Details":"","Code":400}
2019-03-23 14:10:08|DEBUG|failed to upload file to qiniu|{"Err":"incorrect region, please use up-as0.qiniup.com","Reqid":"FSsAAKAWJCeXgY4V","Details":"","Code":400}
2019-03-23 14:10:10|DEBUG|failed to upload file to qiniu|{"Err":"incorrect region, please use up-as0.qiniup.com","Reqid":"vUwAAPUWKKWXgY4V","Details":"","Code":400}
2019-03-23 14:10:12|DEBUG|failed to upload file to qiniu|{"Err":"incorrect region, please use up-as0.qiniup.com","Reqid":"IhkAADCICSWYgY4V","Details":"","Code":400}
2019-03-23 14:10:14|DEBUG|failed to upload file to qiniu|{"Err":"incorrect region, please use up-as0.qiniup.com","Reqid":"IhkAAGMFCKCYgY4V","Details":"","Code":400}
2019-03-23 14:10:17|DEBUG|failed to upload file to qiniu|{"Err":"incorrect region, please use up-as0.qiniup.com","Reqid":"vUwAAK1Rm0iZgY4V","Details":"","Code":400}
2019-03-23 14:10:28|DEBUG|failed to upload file to qiniu|{"Err":"incorrect region, please use up-as0.qiniup.com","Reqid":"FSsAAJeCZAWcgY4V","Details":"","Code":400}
2019-03-23 14:10:42|DEBUG|failed to upload file to qiniu|{"Err":"incorrect region, please use up-as0.qiniup.com","Reqid":"FSsAAN43t0efgY4V","Details":"","Code":400}
2019-03-23 15:36:56|DEBUG|failed to upload file to qiniu|{"Err":"incorrect region, please use up-as0.qiniup.com","Reqid":"IhkAAERLx8BTho4V","Details":"","Code":400}
2019-03-23 15:36:58|DEBUG|failed to upload file to qiniu|{"Err":"incorrect region, please use up-as0.qiniup.com","Reqid":"IhkAADI97TdUho4V","Details":"","Code":400}
2019-03-23 15:37:00|DEBUG|failed to upload file to qiniu|{"Err":"incorrect region, please use up-as0.qiniup.com","Reqid":"vUwAAF_l-LRUho4V","Details":"","Code":400}
2019-03-23 15:37:10|DEBUG|failed to upload file to qiniu|{"Err":"incorrect region, please use up-as0.qiniup.com","Reqid":"IhkAAPXQyRJXho4V","Details":"","Code":400}
2019-03-23 18:59:23|DEBUG|failed to upload file to qiniu|{"Err":"incorrect region, please use up-as0.qiniup.com","Reqid":"IhkAAPGyzRZgkY4V","Details":"","Code":400}
2019-03-23 18:59:25|DEBUG|failed to upload file to qiniu|{"Err":"incorrect region, please use up-as0.qiniup.com","Reqid":"FSsAAKJ91IRgkY4V","Details":"","Code":400}
2019-03-23 18:59:31|DEBUG|failed to upload file to qiniu|{"Err":"incorrect region, please use up-as0.qiniup.com","Reqid":"FSsAALE4J_JhkY4V","Details":"","Code":400}
2019-03-23 18:59:33|DEBUG|failed to upload file to qiniu|{"Err":"incorrect region, please use up-as0.qiniup.com","Reqid":"vUwAAJO-fHBikY4V","Details":"","Code":400}
2019-03-23 18:59:36|DEBUG|failed to upload file to qiniu|{"Err":"incorrect region, please use up-as0.qiniup.com","Reqid":"FSsAAG8vtQ5jkY4V","Details":"","Code":400}
2019-03-23 19:04:07|DEBUG|failed to upload file to qiniu|{"Err":"incorrect region, please use up-as0.qiniup.com","Reqid":"vUwAAOfT9BaikY4V","Details":"","Code":400}
2019-03-23 19:07:13|DEBUG|failed to upload file to qiniu|{"Err":"incorrect region, please use up-as0.qiniup.com","Reqid":"vUwAAHolZ07NkY4V","Details":"","Code":400}
