2019-03-22 09:41:56|DEBUG|failed to upload file to qiniu|{"Err":"incorrect region, please use up-as0.qiniup.com","Reqid":"vUwAAOnxsxVgJI4V","Details":"","Code":400}
2019-03-22 09:41:58|DEBUG|failed to upload file to qiniu|{"Err":"incorrect region, please use up-as0.qiniup.com","Reqid":"IhkAAEzPs4pgJI4V","Details":"","Code":400}
2019-03-22 14:08:30|ERROR|Token.Encrypt|PDOException: Table 'phonelive.users' doesn't exist in /data/wwwroot/www.tencentcdn.com/api/PhalApi/NotORM/NotORM/Result.php:247
Stack trace:
#0 /data/wwwroot/www.tencentcdn.com/api/PhalApi/NotORM/NotORM/Result.php(887): NotORM_Result->query(' update users s...', Array)
#1 /data/wwwroot/www.tencentcdn.com/api/PhalApi/NotORM/NotORM/Result.php(878): NotORM_Result->queryRows(' update users s...', Array)
#2 /data/wwwroot/www.tencentcdn.com/api/Appapi/Api/Token.php(181): NotORM_Result->queryAll(' update users s...')
#3 /data/wwwroot/www.tencentcdn.com/api/PhalApi/PhalApi.php(57): Api_Token->Encrypt()
#4 /data/wwwroot/www.tencentcdn.com/api/public/index.php(14): PhalApi->response()
#5 {main}
2019-03-22 14:09:20|ERROR|Token.Encrypt|PDOException: Table 'phonelive.users' doesn't exist in /data/wwwroot/www.tencentcdn.com/api/PhalApi/NotORM/NotORM/Result.php:247
Stack trace:
#0 /data/wwwroot/www.tencentcdn.com/api/PhalApi/NotORM/NotORM/Result.php(887): NotORM_Result->query(' update users s...', Array)
#1 /data/wwwroot/www.tencentcdn.com/api/PhalApi/NotORM/NotORM/Result.php(878): NotORM_Result->queryRows(' update users s...', Array)
#2 /data/wwwroot/www.tencentcdn.com/api/Appapi/Api/Token.php(181): NotORM_Result->queryAll(' update users s...')
#3 /data/wwwroot/www.tencentcdn.com/api/PhalApi/PhalApi.php(57): Api_Token->Encrypt()
#4 /data/wwwroot/www.tencentcdn.com/api/public/index.php(14): PhalApi->response()
#5 {main}
2019-03-22 14:09:31|ERROR|Token.Encrypt|PDOException: Table 'phonelive.users' doesn't exist in /data/wwwroot/www.tencentcdn.com/api/PhalApi/NotORM/NotORM/Result.php:247
Stack trace:
#0 /data/wwwroot/www.tencentcdn.com/api/PhalApi/NotORM/NotORM/Result.php(887): NotORM_Result->query(' update users s...', Array)
#1 /data/wwwroot/www.tencentcdn.com/api/PhalApi/NotORM/NotORM/Result.php(878): NotORM_Result->queryRows(' update users s...', Array)
#2 /data/wwwroot/www.tencentcdn.com/api/Appapi/Api/Token.php(178): NotORM_Result->queryAll(' update users s...')
#3 /data/wwwroot/www.tencentcdn.com/api/PhalApi/PhalApi.php(57): Api_Token->Encrypt()
#4 /data/wwwroot/www.tencentcdn.com/api/public/index.php(14): PhalApi->response()
#5 {main}
2019-03-22 15:48:03|ERROR|Token.transferNextUserWallet|PDOException: Unknown column 'balance' in 'field list' in /data/wwwroot/www.tencentcdn.com/api/PhalApi/NotORM/NotORM/Result.php:247
Stack trace:
#0 /data/wwwroot/www.tencentcdn.com/api/PhalApi/NotORM/NotORM/Result.php(324): NotORM_Result->query('INSERT INTO cmf...', Array)
#1 /data/wwwroot/www.tencentcdn.com/api/PhalApi/NotORM/NotORM/Result.php(341): NotORM_Result->insert_multi(Array)
#2 /data/wwwroot/www.tencentcdn.com/api/Appapi/Api/Token.php(221): NotORM_Result->insert(Array)
#3 /data/wwwroot/www.tencentcdn.com/api/PhalApi/PhalApi.php(57): Api_Token->transferNextUserWallet()
#4 /data/wwwroot/www.tencentcdn.com/api/public/index.php(14): PhalApi->response()
#5 {main}
2019-03-22 15:49:23|ERROR|Token.transferNextUserWallet|PDOException: Unknown column 'balance' in 'field list' in /data/wwwroot/www.tencentcdn.com/api/PhalApi/NotORM/NotORM/Result.php:247
Stack trace:
#0 /data/wwwroot/www.tencentcdn.com/api/PhalApi/NotORM/NotORM/Result.php(324): NotORM_Result->query('INSERT INTO cmf...', Array)
#1 /data/wwwroot/www.tencentcdn.com/api/PhalApi/NotORM/NotORM/Result.php(341): NotORM_Result->insert_multi(Array)
#2 /data/wwwroot/www.tencentcdn.com/api/Appapi/Api/Token.php(221): NotORM_Result->insert(Array)
#3 /data/wwwroot/www.tencentcdn.com/api/PhalApi/PhalApi.php(57): Api_Token->transferNextUserWallet()
#4 /data/wwwroot/www.tencentcdn.com/api/public/index.php(14): PhalApi->response()
#5 {main}
2019-03-22 15:52:04|ERROR|Token.transferNextUserWallet|PDOException: Unknown column 'balance' in 'field list' in /data/wwwroot/www.tencentcdn.com/api/PhalApi/NotORM/NotORM/Result.php:247
Stack trace:
#0 /data/wwwroot/www.tencentcdn.com/api/PhalApi/NotORM/NotORM/Result.php(324): NotORM_Result->query('INSERT INTO cmf...', Array)
#1 /data/wwwroot/www.tencentcdn.com/api/PhalApi/NotORM/NotORM/Result.php(341): NotORM_Result->insert_multi(Array)
#2 /data/wwwroot/www.tencentcdn.com/api/Appapi/Api/Token.php(221): NotORM_Result->insert(Array)
#3 /data/wwwroot/www.tencentcdn.com/api/PhalApi/PhalApi.php(57): Api_Token->transferNextUserWallet()
#4 /data/wwwroot/www.tencentcdn.com/api/public/index.php(14): PhalApi->response()
#5 {main}
2019-03-22 16:28:28|DEBUG|failed to upload file to qiniu|{"Err":"incorrect region, please use up-as0.qiniup.com","Reqid":"IhkAAOjhzTCPOo4V","Details":"","Code":400}
2019-03-22 16:44:56|DEBUG|failed to upload file to qiniu|{"Err":"incorrect region, please use up-as0.qiniup.com","Reqid":"IhkAALhxLvB0O44V","Details":"","Code":400}
2019-03-22 16:44:57|DEBUG|failed to upload file to qiniu|{"Err":"incorrect region, please use up-as0.qiniup.com","Reqid":"IhkAAFjQ-ol1O44V","Details":"","Code":400}
2019-03-22 16:45:00|DEBUG|failed to upload file to qiniu|{"Err":"incorrect region, please use up-as0.qiniup.com","Reqid":"FSsAAAZR6ix2O44V","Details":"","Code":400}
2019-03-22 16:45:02|DEBUG|failed to upload file to qiniu|{"Err":"incorrect region, please use up-as0.qiniup.com","Reqid":"IhkAANVIS5R2O44V","Details":"","Code":400}
2019-03-22 16:45:15|DEBUG|failed to upload file to qiniu|{"Err":"incorrect region, please use up-as0.qiniup.com","Reqid":"FSsAAHCbQHx5O44V","Details":"","Code":400}
2019-03-22 16:45:16|DEBUG|failed to upload file to qiniu|{"Err":"incorrect region, please use up-as0.qiniup.com","Reqid":"vUwAACKHcv95O44V","Details":"","Code":400}
2019-03-22 16:45:20|DEBUG|failed to upload file to qiniu|{"Err":"incorrect region, please use up-as0.qiniup.com","Reqid":"FSsAALO7Pnx6O44V","Details":"","Code":400}
2019-03-22 16:45:22|DEBUG|failed to upload file to qiniu|{"Err":"incorrect region, please use up-as0.qiniup.com","Reqid":"vUwAAD3HF1d7O44V","Details":"","Code":400}
2019-03-22 16:45:25|DEBUG|failed to upload file to qiniu|{"Err":"incorrect region, please use up-as0.qiniup.com","Reqid":"vUwAAHhZiex7O44V","Details":"","Code":400}
2019-03-22 16:45:36|DEBUG|failed to upload file to qiniu|{"Err":"incorrect region, please use up-as0.qiniup.com","Reqid":"vUwAAAyao6J-O44V","Details":"","Code":400}
2019-03-22 16:46:06|DEBUG|failed to upload file to qiniu|{"Err":"incorrect region, please use up-as0.qiniup.com","Reqid":"IhkAADK1KIaFO44V","Details":"","Code":400}
2019-03-22 16:46:30|DEBUG|failed to upload file to qiniu|{"Err":"incorrect region, please use up-as0.qiniup.com","Reqid":"vUwAAA_4iCiLO44V","Details":"","Code":400}
2019-03-22 16:53:57|DEBUG|failed to upload file to qiniu|{"Err":"incorrect region, please use up-as0.qiniup.com","Reqid":"IhkAADpDQxbzO44V","Details":"","Code":400}
2019-03-22 17:14:45|DEBUG|failed to upload file to qiniu|{"Err":"incorrect region, please use up-as0.qiniup.com","Reqid":"IhkAALcdLLUVPY4V","Details":"","Code":400}
