2019-04-03 17:30:01|ERROR|Video.setComment|PDOException: Data too long for column 'content' at row 1 in /data/wwwroot/www.tencentcdn.com/api/PhalApi/NotORM/NotORM/Result.php:247
Stack trace:
#0 /data/wwwroot/www.tencentcdn.com/api/PhalApi/NotORM/NotORM/Result.php(324): NotORM_Result->query('INSERT INTO cmf...', Array)
#1 /data/wwwroot/www.tencentcdn.com/api/PhalApi/NotORM/NotORM/Result.php(341): NotORM_Result->insert_multi(Array)
#2 /data/wwwroot/www.tencentcdn.com/api/Appapi/Model/Video.php(135): NotORM_Result->insert(Array)
#3 /data/wwwroot/www.tencentcdn.com/api/Appapi/Domain/Video.php(17): Model_Video->setComment(Array)
#4 /data/wwwroot/www.tencentcdn.com/api/Appapi/Api/Video.php(279): Domain_Video->setComment(Array)
#5 /data/wwwroot/www.tencentcdn.com/api/PhalApi/PhalApi.php(57): Api_Video->setComment()
#6 /data/wwwroot/www.tencentcdn.com/api/public/index.php(14): PhalApi->response()
#7 {main}
2019-04-03 17:30:52|ERROR|Video.setComment|PDOException: Data too long for column 'content' at row 1 in /data/wwwroot/www.tencentcdn.com/api/PhalApi/NotORM/NotORM/Result.php:247
Stack trace:
#0 /data/wwwroot/www.tencentcdn.com/api/PhalApi/NotORM/NotORM/Result.php(324): NotORM_Result->query('INSERT INTO cmf...', Array)
#1 /data/wwwroot/www.tencentcdn.com/api/PhalApi/NotORM/NotORM/Result.php(341): NotORM_Result->insert_multi(Array)
#2 /data/wwwroot/www.tencentcdn.com/api/Appapi/Model/Video.php(135): NotORM_Result->insert(Array)
#3 /data/wwwroot/www.tencentcdn.com/api/Appapi/Domain/Video.php(17): Model_Video->setComment(Array)
#4 /data/wwwroot/www.tencentcdn.com/api/Appapi/Api/Video.php(279): Domain_Video->setComment(Array)
#5 /data/wwwroot/www.tencentcdn.com/api/PhalApi/PhalApi.php(57): Api_Video->setComment()
#6 /data/wwwroot/www.tencentcdn.com/api/public/index.php(14): PhalApi->response()
#7 {main}
