2019-01-23 11:40:55|DEBUG|succeed to upload file to qiniu|{"hash":"FlPpweNIZ5T2CAM7vGB2WIcqNuvB","key":"20190123114055_fda80884c480e3af73f600692dc33207"}
2019-01-23 12:15:52|DEBUG|succeed to upload file to qiniu|{"hash":"FiuiZW_ki6Uag9rhpkZQy9YJdArQ","key":"20190123121552_dc7a146fdef9c0556fd611149bf017e0"}
2019-01-23 13:06:17|DEBUG|succeed to upload file to qiniu|{"hash":"Fv1xoPRaRZ7PpdYDqcyH_zLS8gvs","key":"20190123130616_b6b912c3087585246d7bf3844f98bdeb"}
2019-01-23 13:27:11|ERROR|Home.videoSearch|PDOException: You have an error in your SQL syntax; check the manual that corresponds to your MySQL server version for the right syntax to use near 'order by v.addtime desc limit 50,50' at line 1 in /data/wwwroot/lebo.com/api/PhalApi/NotORM/NotORM/Result.php:247
Stack trace:
#0 /data/wwwroot/lebo.com/api/PhalApi/NotORM/NotORM/Result.php(887): NotORM_Result->query('select v.*,u.us...', Array)
#1 /data/wwwroot/lebo.com/api/PhalApi/NotORM/NotORM/Result.php(878): NotORM_Result->queryRows('select v.*,u.us...', Array)
#2 /data/wwwroot/lebo.com/api/Appapi/Model/Home.php(286): NotORM_Result->queryAll('select v.*,u.us...')
#3 /data/wwwroot/lebo.com/api/Appapi/Domain/Home.php(55): Model_Home->videoSearch('22812', '2', '2')
#4 /data/wwwroot/lebo.com/api/Appapi/Api/Home.php(354): Domain_Home->videoSearch('22812', '2', '2')
#5 /data/wwwroot/lebo.com/api/PhalApi/PhalApi.php(57): Api_Home->videoSearch()
#6 /data/wwwroot/lebo.com/api/public/index.php(14): PhalApi->response()
#7 {main}
2019-01-23 14:42:58|DEBUG|succeed to upload file to qiniu|{"hash":"FnBDL_YQSYR5x8LxwhHadS90R9LT","key":"20190123144258_a0eda473cbb4ee198abe8e321d2dba4b"}
2019-01-23 14:43:19|DEBUG|succeed to upload file to qiniu|{"hash":"FnBDL_YQSYR5x8LxwhHadS90R9LT","key":"20190123144319_1d171c16e0541f864b7e2d2226b5b6b6"}
2019-01-23 14:44:49|DEBUG|succeed to upload file to qiniu|{"hash":"FnBDL_YQSYR5x8LxwhHadS90R9LT","key":"20190123144449_9f26d45d48863d9fdb938b0c157bf3a5"}
2019-01-23 14:44:57|DEBUG|succeed to upload file to qiniu|{"hash":"Fv6wToX62zFCtA0qWVjFW14INg4e","key":"20190123144457_53f65a1db14f61f9240bdab6b723d019"}
2019-01-23 14:56:32|DEBUG|succeed to upload file to qiniu|{"hash":"Fg4uzF14Jmfdl2jNMi4JwYpdy7NU","key":"20190123145631_3bd0fd9c24f3ac42ab02c17758b111bc"}
2019-01-23 15:10:47|DEBUG|succeed to upload file to qiniu|{"hash":"FrZyN5wqKvSMpc2Ogwo2y0wqdPqq","key":"20190123151047_716d55e2f29d36e9992f39137e760e45"}
2019-01-23 16:16:05|DEBUG|succeed to upload file to qiniu|{"hash":"FnENPfyW6QkXNQsrQhMDvZZ-xwta","key":"20190123161605_b7f1cbb4142180902d99b1cfc8f26c96"}
