2019-01-14 14:01:24|ERROR|Music.music_list|PDOException: Unknown column 'title_kr' in 'field list' in /data/wwwroot/lebo.com/api/PhalApi/NotORM/NotORM/Result.php:247
Stack trace:
#0 /data/wwwroot/lebo.com/api/PhalApi/NotORM/NotORM/Result.php(784): NotORM_Result->query('SELECT id,title...', Array)
#1 /data/wwwroot/lebo.com/api/PhalApi/NotORM/NotORM/Result.php(861): NotORM_Result->execute()
#2 /data/wwwroot/lebo.com/api/Appapi/Model/Music.php(37): NotORM_Result->fetchAll()
#3 /data/wwwroot/lebo.com/api/Appapi/Domain/Music.php(19): Model_Music->music_list('18', '22764', '1')
#4 /data/wwwroot/lebo.com/api/Appapi/Api/Music.php(89): Domain_Music->music_list('18', '22764', '1')
#5 /data/wwwroot/lebo.com/api/PhalApi/PhalApi.php(57): Api_Music->music_list()
#6 /data/wwwroot/lebo.com/api/public/index.php(14): PhalApi->response()
#7 {main}
2019-01-14 14:01:27|ERROR|Music.music_list|PDOException: Unknown column 'title_kr' in 'field list' in /data/wwwroot/lebo.com/api/PhalApi/NotORM/NotORM/Result.php:247
Stack trace:
#0 /data/wwwroot/lebo.com/api/PhalApi/NotORM/NotORM/Result.php(784): NotORM_Result->query('SELECT id,title...', Array)
#1 /data/wwwroot/lebo.com/api/PhalApi/NotORM/NotORM/Result.php(861): NotORM_Result->execute()
#2 /data/wwwroot/lebo.com/api/Appapi/Model/Music.php(37): NotORM_Result->fetchAll()
#3 /data/wwwroot/lebo.com/api/Appapi/Domain/Music.php(19): Model_Music->music_list('17', '22764', '1')
#4 /data/wwwroot/lebo.com/api/Appapi/Api/Music.php(89): Domain_Music->music_list('17', '22764', '1')
#5 /data/wwwroot/lebo.com/api/PhalApi/PhalApi.php(57): Api_Music->music_list()
#6 /data/wwwroot/lebo.com/api/public/index.php(14): PhalApi->response()
#7 {main}
2019-01-14 14:21:18|ERROR|Live.checkLive|PDOException: Table 'phonelive.cmf_users_live' doesn't exist in /data/wwwroot/lebo.com/api/PhalApi/NotORM/NotORM/Result.php:247
Stack trace:
#0 /data/wwwroot/lebo.com/api/PhalApi/NotORM/NotORM/Result.php(784): NotORM_Result->query('SELECT islive,t...', Array)
#1 /data/wwwroot/lebo.com/api/PhalApi/NotORM/NotORM/Result.php(852): NotORM_Result->execute()
#2 /data/wwwroot/lebo.com/api/PhalApi/NotORM/NotORM/Result.php(844): NotORM_Result->fetchRow('')
#3 /data/wwwroot/lebo.com/api/Appapi/Model/Live.php(168): NotORM_Result->fetchOne()
#4 /data/wwwroot/lebo.com/api/Appapi/Domain/Live.php(57): Model_Live->checkLive(22768, 21778, '21781_154174293...')
#5 /data/wwwroot/lebo.com/api/Appapi/Api/Live.php(723): Domain_Live->checkLive(22768, 21778, '21781_154174293...')
#6 /data/wwwroot/lebo.com/api/PhalApi/PhalApi.php(57): Api_Live->checkLive()
#7 /data/wwwroot/lebo.com/api/public/index.php(14): PhalApi->response()
#8 {main}
2019-01-14 14:21:21|ERROR|Live.checkLive|PDOException: Table 'phonelive.cmf_users' doesn't exist in /data/wwwroot/lebo.com/api/PhalApi/NotORM/NotORM/Result.php:247
Stack trace:
#0 /data/wwwroot/lebo.com/api/PhalApi/NotORM/NotORM/Result.php(784): NotORM_Result->query('SELECT user_sta...', Array)
#1 /data/wwwroot/lebo.com/api/PhalApi/NotORM/NotORM/Result.php(852): NotORM_Result->execute()
#2 /data/wwwroot/lebo.com/api/PhalApi/NotORM/NotORM/Result.php(844): NotORM_Result->fetchRow('')
#3 /data/wwwroot/lebo.com/api/Common/functions.php(584): NotORM_Result->fetchOne()
#4 /data/wwwroot/lebo.com/api/Appapi/Api/Live.php(702): isBan(22768)
#5 /data/wwwroot/lebo.com/api/PhalApi/PhalApi.php(57): Api_Live->checkLive()
#6 /data/wwwroot/lebo.com/api/public/index.php(14): PhalApi->response()
#7 {main}
2019-01-14 14:21:22|ERROR|Home.getHot|PDOException: Table 'phonelive.cmf_users_live' doesn't exist in /data/wwwroot/lebo.com/api/PhalApi/NotORM/NotORM/Result.php:247
Stack trace:
#0 /data/wwwroot/lebo.com/api/PhalApi/NotORM/NotORM/Result.php(887): NotORM_Result->query('select l.uid,l....', Array)
#1 /data/wwwroot/lebo.com/api/PhalApi/NotORM/NotORM/Result.php(878): NotORM_Result->queryRows('select l.uid,l....', Array)
#2 /data/wwwroot/lebo.com/api/Appapi/Model/Home.php(38): NotORM_Result->queryAll('select l.uid,l....')
#3 /data/wwwroot/lebo.com/api/Appapi/Domain/Home.php(16): Model_Home->getHot(1)
#4 /data/wwwroot/lebo.com/api/Appapi/Api/Home.php(178): Domain_Home->getHot(1)
#5 /data/wwwroot/lebo.com/api/PhalApi/PhalApi.php(57): Api_Home->getHot()
#6 /data/wwwroot/lebo.com/api/public/index.php(14): PhalApi->response()
#7 {main}
2019-01-14 14:21:24|ERROR|Live.checkLive|PDOException: Table 'phonelive.cmf_users' doesn't exist in /data/wwwroot/lebo.com/api/PhalApi/NotORM/NotORM/Result.php:247
Stack trace:
#0 /data/wwwroot/lebo.com/api/PhalApi/NotORM/NotORM/Result.php(784): NotORM_Result->query('SELECT user_sta...', Array)
#1 /data/wwwroot/lebo.com/api/PhalApi/NotORM/NotORM/Result.php(852): NotORM_Result->execute()
#2 /data/wwwroot/lebo.com/api/PhalApi/NotORM/NotORM/Result.php(844): NotORM_Result->fetchRow('')
#3 /data/wwwroot/lebo.com/api/Common/functions.php(584): NotORM_Result->fetchOne()
#4 /data/wwwroot/lebo.com/api/Appapi/Api/Live.php(702): isBan(22768)
#5 /data/wwwroot/lebo.com/api/PhalApi/PhalApi.php(57): Api_Live->checkLive()
#6 /data/wwwroot/lebo.com/api/public/index.php(14): PhalApi->response()
#7 {main}
2019-01-14 14:21:25|ERROR|Live.checkLive|PDOException: Table 'phonelive.cmf_users' doesn't exist in /data/wwwroot/lebo.com/api/PhalApi/NotORM/NotORM/Result.php:247
Stack trace:
#0 /data/wwwroot/lebo.com/api/PhalApi/NotORM/NotORM/Result.php(784): NotORM_Result->query('SELECT user_sta...', Array)
#1 /data/wwwroot/lebo.com/api/PhalApi/NotORM/NotORM/Result.php(852): NotORM_Result->execute()
#2 /data/wwwroot/lebo.com/api/PhalApi/NotORM/NotORM/Result.php(844): NotORM_Result->fetchRow('')
#3 /data/wwwroot/lebo.com/api/Common/functions.php(584): NotORM_Result->fetchOne()
#4 /data/wwwroot/lebo.com/api/Appapi/Api/Live.php(702): isBan(22768)
#5 /data/wwwroot/lebo.com/api/PhalApi/PhalApi.php(57): Api_Live->checkLive()
#6 /data/wwwroot/lebo.com/api/public/index.php(14): PhalApi->response()
#7 {main}
2019-01-14 14:21:26|ERROR|Live.checkLive|PDOException: Table 'phonelive.cmf_users' doesn't exist in /data/wwwroot/lebo.com/api/PhalApi/NotORM/NotORM/Result.php:247
Stack trace:
#0 /data/wwwroot/lebo.com/api/PhalApi/NotORM/NotORM/Result.php(784): NotORM_Result->query('SELECT user_sta...', Array)
#1 /data/wwwroot/lebo.com/api/PhalApi/NotORM/NotORM/Result.php(852): NotORM_Result->execute()
#2 /data/wwwroot/lebo.com/api/PhalApi/NotORM/NotORM/Result.php(844): NotORM_Result->fetchRow('')
#3 /data/wwwroot/lebo.com/api/Common/functions.php(584): NotORM_Result->fetchOne()
#4 /data/wwwroot/lebo.com/api/Appapi/Api/Live.php(702): isBan(22768)
#5 /data/wwwroot/lebo.com/api/PhalApi/PhalApi.php(57): Api_Live->checkLive()
#6 /data/wwwroot/lebo.com/api/public/index.php(14): PhalApi->response()
#7 {main}
2019-01-14 14:21:27|ERROR|Live.checkLive|PDOException: Table 'phonelive.cmf_users' doesn't exist in /data/wwwroot/lebo.com/api/PhalApi/NotORM/NotORM/Result.php:247
Stack trace:
#0 /data/wwwroot/lebo.com/api/PhalApi/NotORM/NotORM/Result.php(784): NotORM_Result->query('SELECT user_sta...', Array)
#1 /data/wwwroot/lebo.com/api/PhalApi/NotORM/NotORM/Result.php(852): NotORM_Result->execute()
#2 /data/wwwroot/lebo.com/api/PhalApi/NotORM/NotORM/Result.php(844): NotORM_Result->fetchRow('')
#3 /data/wwwroot/lebo.com/api/Common/functions.php(584): NotORM_Result->fetchOne()
#4 /data/wwwroot/lebo.com/api/Appapi/Api/Live.php(702): isBan(22768)
#5 /data/wwwroot/lebo.com/api/PhalApi/PhalApi.php(57): Api_Live->checkLive()
#6 /data/wwwroot/lebo.com/api/public/index.php(14): PhalApi->response()
#7 {main}
2019-01-14 14:21:28|ERROR|Live.checkLive|PDOException: Table 'phonelive.cmf_users' doesn't exist in /data/wwwroot/lebo.com/api/PhalApi/NotORM/NotORM/Result.php:247
Stack trace:
#0 /data/wwwroot/lebo.com/api/PhalApi/NotORM/NotORM/Result.php(784): NotORM_Result->query('SELECT user_sta...', Array)
#1 /data/wwwroot/lebo.com/api/PhalApi/NotORM/NotORM/Result.php(852): NotORM_Result->execute()
#2 /data/wwwroot/lebo.com/api/PhalApi/NotORM/NotORM/Result.php(844): NotORM_Result->fetchRow('')
#3 /data/wwwroot/lebo.com/api/Common/functions.php(584): NotORM_Result->fetchOne()
#4 /data/wwwroot/lebo.com/api/Appapi/Api/Live.php(702): isBan(22768)
#5 /data/wwwroot/lebo.com/api/PhalApi/PhalApi.php(57): Api_Live->checkLive()
#6 /data/wwwroot/lebo.com/api/public/index.php(14): PhalApi->response()
#7 {main}
2019-01-14 14:21:30|ERROR|Live.checkLive|PDOException: Table 'phonelive.cmf_users' doesn't exist in /data/wwwroot/lebo.com/api/PhalApi/NotORM/NotORM/Result.php:247
Stack trace:
#0 /data/wwwroot/lebo.com/api/PhalApi/NotORM/NotORM/Result.php(784): NotORM_Result->query('SELECT user_sta...', Array)
#1 /data/wwwroot/lebo.com/api/PhalApi/NotORM/NotORM/Result.php(852): NotORM_Result->execute()
#2 /data/wwwroot/lebo.com/api/PhalApi/NotORM/NotORM/Result.php(844): NotORM_Result->fetchRow('')
#3 /data/wwwroot/lebo.com/api/Common/functions.php(584): NotORM_Result->fetchOne()
#4 /data/wwwroot/lebo.com/api/Appapi/Api/Live.php(702): isBan(22768)
#5 /data/wwwroot/lebo.com/api/PhalApi/PhalApi.php(57): Api_Live->checkLive()
#6 /data/wwwroot/lebo.com/api/public/index.php(14): PhalApi->response()
#7 {main}
2019-01-14 14:21:30|ERROR|Live.checkLive|PDOException: Table 'phonelive.cmf_users' doesn't exist in /data/wwwroot/lebo.com/api/PhalApi/NotORM/NotORM/Result.php:247
Stack trace:
#0 /data/wwwroot/lebo.com/api/PhalApi/NotORM/NotORM/Result.php(784): NotORM_Result->query('SELECT user_sta...', Array)
#1 /data/wwwroot/lebo.com/api/PhalApi/NotORM/NotORM/Result.php(852): NotORM_Result->execute()
#2 /data/wwwroot/lebo.com/api/PhalApi/NotORM/NotORM/Result.php(844): NotORM_Result->fetchRow('')
#3 /data/wwwroot/lebo.com/api/Common/functions.php(584): NotORM_Result->fetchOne()
#4 /data/wwwroot/lebo.com/api/Appapi/Api/Live.php(702): isBan(22768)
#5 /data/wwwroot/lebo.com/api/PhalApi/PhalApi.php(57): Api_Live->checkLive()
#6 /data/wwwroot/lebo.com/api/public/index.php(14): PhalApi->response()
#7 {main}
2019-01-14 14:21:31|ERROR|Live.checkLive|PDOException: Table 'phonelive.cmf_users' doesn't exist in /data/wwwroot/lebo.com/api/PhalApi/NotORM/NotORM/Result.php:247
Stack trace:
#0 /data/wwwroot/lebo.com/api/PhalApi/NotORM/NotORM/Result.php(784): NotORM_Result->query('SELECT user_sta...', Array)
#1 /data/wwwroot/lebo.com/api/PhalApi/NotORM/NotORM/Result.php(852): NotORM_Result->execute()
#2 /data/wwwroot/lebo.com/api/PhalApi/NotORM/NotORM/Result.php(844): NotORM_Result->fetchRow('')
#3 /data/wwwroot/lebo.com/api/Common/functions.php(584): NotORM_Result->fetchOne()
#4 /data/wwwroot/lebo.com/api/Appapi/Api/Live.php(702): isBan(22768)
#5 /data/wwwroot/lebo.com/api/PhalApi/PhalApi.php(57): Api_Live->checkLive()
#6 /data/wwwroot/lebo.com/api/public/index.php(14): PhalApi->response()
#7 {main}
2019-01-14 15:34:51|ERROR|Music.music_list|PDOException: Unknown column 'title_kr' in 'field list' in /data/wwwroot/lebo.com/api/PhalApi/NotORM/NotORM/Result.php:247
Stack trace:
#0 /data/wwwroot/lebo.com/api/PhalApi/NotORM/NotORM/Result.php(784): NotORM_Result->query('SELECT id,title...', Array)
#1 /data/wwwroot/lebo.com/api/PhalApi/NotORM/NotORM/Result.php(861): NotORM_Result->execute()
#2 /data/wwwroot/lebo.com/api/Appapi/Model/Music.php(37): NotORM_Result->fetchAll()
#3 /data/wwwroot/lebo.com/api/Appapi/Domain/Music.php(19): Model_Music->music_list('16', '22768', '1')
#4 /data/wwwroot/lebo.com/api/Appapi/Api/Music.php(89): Domain_Music->music_list('16', '22768', '1')
#5 /data/wwwroot/lebo.com/api/PhalApi/PhalApi.php(57): Api_Music->music_list()
#6 /data/wwwroot/lebo.com/api/public/index.php(14): PhalApi->response()
#7 {main}
2019-01-14 15:34:52|ERROR|Music.music_list|PDOException: Unknown column 'title_kr' in 'field list' in /data/wwwroot/lebo.com/api/PhalApi/NotORM/NotORM/Result.php:247
Stack trace:
#0 /data/wwwroot/lebo.com/api/PhalApi/NotORM/NotORM/Result.php(784): NotORM_Result->query('SELECT id,title...', Array)
#1 /data/wwwroot/lebo.com/api/PhalApi/NotORM/NotORM/Result.php(861): NotORM_Result->execute()
#2 /data/wwwroot/lebo.com/api/Appapi/Model/Music.php(37): NotORM_Result->fetchAll()
#3 /data/wwwroot/lebo.com/api/Appapi/Domain/Music.php(19): Model_Music->music_list('16', '22768', '1')
#4 /data/wwwroot/lebo.com/api/Appapi/Api/Music.php(89): Domain_Music->music_list('16', '22768', '1')
#5 /data/wwwroot/lebo.com/api/PhalApi/PhalApi.php(57): Api_Music->music_list()
#6 /data/wwwroot/lebo.com/api/public/index.php(14): PhalApi->response()
#7 {main}
2019-01-14 15:34:52|ERROR|Music.music_list|PDOException: Unknown column 'title_kr' in 'field list' in /data/wwwroot/lebo.com/api/PhalApi/NotORM/NotORM/Result.php:247
Stack trace:
#0 /data/wwwroot/lebo.com/api/PhalApi/NotORM/NotORM/Result.php(784): NotORM_Result->query('SELECT id,title...', Array)
#1 /data/wwwroot/lebo.com/api/PhalApi/NotORM/NotORM/Result.php(861): NotORM_Result->execute()
#2 /data/wwwroot/lebo.com/api/Appapi/Model/Music.php(37): NotORM_Result->fetchAll()
#3 /data/wwwroot/lebo.com/api/Appapi/Domain/Music.php(19): Model_Music->music_list('16', '22768', '1')
#4 /data/wwwroot/lebo.com/api/Appapi/Api/Music.php(89): Domain_Music->music_list('16', '22768', '1')
#5 /data/wwwroot/lebo.com/api/PhalApi/PhalApi.php(57): Api_Music->music_list()
#6 /data/wwwroot/lebo.com/api/public/index.php(14): PhalApi->response()
#7 {main}
2019-01-14 15:34:52|ERROR|Music.music_list|PDOException: Unknown column 'title_kr' in 'field list' in /data/wwwroot/lebo.com/api/PhalApi/NotORM/NotORM/Result.php:247
Stack trace:
#0 /data/wwwroot/lebo.com/api/PhalApi/NotORM/NotORM/Result.php(784): NotORM_Result->query('SELECT id,title...', Array)
#1 /data/wwwroot/lebo.com/api/PhalApi/NotORM/NotORM/Result.php(861): NotORM_Result->execute()
#2 /data/wwwroot/lebo.com/api/Appapi/Model/Music.php(37): NotORM_Result->fetchAll()
#3 /data/wwwroot/lebo.com/api/Appapi/Domain/Music.php(19): Model_Music->music_list('16', '22768', '1')
#4 /data/wwwroot/lebo.com/api/Appapi/Api/Music.php(89): Domain_Music->music_list('16', '22768', '1')
#5 /data/wwwroot/lebo.com/api/PhalApi/PhalApi.php(57): Api_Music->music_list()
#6 /data/wwwroot/lebo.com/api/public/index.php(14): PhalApi->response()
#7 {main}
2019-01-14 15:34:53|ERROR|Music.music_list|PDOException: Unknown column 'title_kr' in 'field list' in /data/wwwroot/lebo.com/api/PhalApi/NotORM/NotORM/Result.php:247
Stack trace:
#0 /data/wwwroot/lebo.com/api/PhalApi/NotORM/NotORM/Result.php(784): NotORM_Result->query('SELECT id,title...', Array)
#1 /data/wwwroot/lebo.com/api/PhalApi/NotORM/NotORM/Result.php(861): NotORM_Result->execute()
#2 /data/wwwroot/lebo.com/api/Appapi/Model/Music.php(37): NotORM_Result->fetchAll()
#3 /data/wwwroot/lebo.com/api/Appapi/Domain/Music.php(19): Model_Music->music_list('16', '22768', '1')
#4 /data/wwwroot/lebo.com/api/Appapi/Api/Music.php(89): Domain_Music->music_list('16', '22768', '1')
#5 /data/wwwroot/lebo.com/api/PhalApi/PhalApi.php(57): Api_Music->music_list()
#6 /data/wwwroot/lebo.com/api/public/index.php(14): PhalApi->response()
#7 {main}
2019-01-14 15:34:54|ERROR|Music.music_list|PDOException: Unknown column 'title_kr' in 'field list' in /data/wwwroot/lebo.com/api/PhalApi/NotORM/NotORM/Result.php:247
Stack trace:
#0 /data/wwwroot/lebo.com/api/PhalApi/NotORM/NotORM/Result.php(784): NotORM_Result->query('SELECT id,title...', Array)
#1 /data/wwwroot/lebo.com/api/PhalApi/NotORM/NotORM/Result.php(861): NotORM_Result->execute()
#2 /data/wwwroot/lebo.com/api/Appapi/Model/Music.php(37): NotORM_Result->fetchAll()
#3 /data/wwwroot/lebo.com/api/Appapi/Domain/Music.php(19): Model_Music->music_list('17', '22768', '1')
#4 /data/wwwroot/lebo.com/api/Appapi/Api/Music.php(89): Domain_Music->music_list('17', '22768', '1')
#5 /data/wwwroot/lebo.com/api/PhalApi/PhalApi.php(57): Api_Music->music_list()
#6 /data/wwwroot/lebo.com/api/public/index.php(14): PhalApi->response()
#7 {main}
2019-01-14 15:34:55|ERROR|Music.music_list|PDOException: Unknown column 'title_kr' in 'field list' in /data/wwwroot/lebo.com/api/PhalApi/NotORM/NotORM/Result.php:247
Stack trace:
#0 /data/wwwroot/lebo.com/api/PhalApi/NotORM/NotORM/Result.php(784): NotORM_Result->query('SELECT id,title...', Array)
#1 /data/wwwroot/lebo.com/api/PhalApi/NotORM/NotORM/Result.php(861): NotORM_Result->execute()
#2 /data/wwwroot/lebo.com/api/Appapi/Model/Music.php(37): NotORM_Result->fetchAll()
#3 /data/wwwroot/lebo.com/api/Appapi/Domain/Music.php(19): Model_Music->music_list('17', '22768', '1')
#4 /data/wwwroot/lebo.com/api/Appapi/Api/Music.php(89): Domain_Music->music_list('17', '22768', '1')
#5 /data/wwwroot/lebo.com/api/PhalApi/PhalApi.php(57): Api_Music->music_list()
#6 /data/wwwroot/lebo.com/api/public/index.php(14): PhalApi->response()
#7 {main}
2019-01-14 15:34:55|ERROR|Music.music_list|PDOException: Unknown column 'title_kr' in 'field list' in /data/wwwroot/lebo.com/api/PhalApi/NotORM/NotORM/Result.php:247
Stack trace:
#0 /data/wwwroot/lebo.com/api/PhalApi/NotORM/NotORM/Result.php(784): NotORM_Result->query('SELECT id,title...', Array)
#1 /data/wwwroot/lebo.com/api/PhalApi/NotORM/NotORM/Result.php(861): NotORM_Result->execute()
#2 /data/wwwroot/lebo.com/api/Appapi/Model/Music.php(37): NotORM_Result->fetchAll()
#3 /data/wwwroot/lebo.com/api/Appapi/Domain/Music.php(19): Model_Music->music_list('17', '22768', '1')
#4 /data/wwwroot/lebo.com/api/Appapi/Api/Music.php(89): Domain_Music->music_list('17', '22768', '1')
#5 /data/wwwroot/lebo.com/api/PhalApi/PhalApi.php(57): Api_Music->music_list()
#6 /data/wwwroot/lebo.com/api/public/index.php(14): PhalApi->response()
#7 {main}
2019-01-14 15:34:55|ERROR|Music.music_list|PDOException: Unknown column 'title_kr' in 'field list' in /data/wwwroot/lebo.com/api/PhalApi/NotORM/NotORM/Result.php:247
Stack trace:
#0 /data/wwwroot/lebo.com/api/PhalApi/NotORM/NotORM/Result.php(784): NotORM_Result->query('SELECT id,title...', Array)
#1 /data/wwwroot/lebo.com/api/PhalApi/NotORM/NotORM/Result.php(861): NotORM_Result->execute()
#2 /data/wwwroot/lebo.com/api/Appapi/Model/Music.php(37): NotORM_Result->fetchAll()
#3 /data/wwwroot/lebo.com/api/Appapi/Domain/Music.php(19): Model_Music->music_list('17', '22768', '1')
#4 /data/wwwroot/lebo.com/api/Appapi/Api/Music.php(89): Domain_Music->music_list('17', '22768', '1')
#5 /data/wwwroot/lebo.com/api/PhalApi/PhalApi.php(57): Api_Music->music_list()
#6 /data/wwwroot/lebo.com/api/public/index.php(14): PhalApi->response()
#7 {main}
2019-01-14 15:35:01|ERROR|Music.music_list|PDOException: Unknown column 'title_kr' in 'field list' in /data/wwwroot/lebo.com/api/PhalApi/NotORM/NotORM/Result.php:247
Stack trace:
#0 /data/wwwroot/lebo.com/api/PhalApi/NotORM/NotORM/Result.php(784): NotORM_Result->query('SELECT id,title...', Array)
#1 /data/wwwroot/lebo.com/api/PhalApi/NotORM/NotORM/Result.php(861): NotORM_Result->execute()
#2 /data/wwwroot/lebo.com/api/Appapi/Model/Music.php(37): NotORM_Result->fetchAll()
#3 /data/wwwroot/lebo.com/api/Appapi/Domain/Music.php(19): Model_Music->music_list('19', '22768', '1')
#4 /data/wwwroot/lebo.com/api/Appapi/Api/Music.php(89): Domain_Music->music_list('19', '22768', '1')
#5 /data/wwwroot/lebo.com/api/PhalApi/PhalApi.php(57): Api_Music->music_list()
#6 /data/wwwroot/lebo.com/api/public/index.php(14): PhalApi->response()
#7 {main}
2019-01-14 15:35:03|ERROR|Music.music_list|PDOException: Unknown column 'title_kr' in 'field list' in /data/wwwroot/lebo.com/api/PhalApi/NotORM/NotORM/Result.php:247
Stack trace:
#0 /data/wwwroot/lebo.com/api/PhalApi/NotORM/NotORM/Result.php(784): NotORM_Result->query('SELECT id,title...', Array)
#1 /data/wwwroot/lebo.com/api/PhalApi/NotORM/NotORM/Result.php(861): NotORM_Result->execute()
#2 /data/wwwroot/lebo.com/api/Appapi/Model/Music.php(37): NotORM_Result->fetchAll()
#3 /data/wwwroot/lebo.com/api/Appapi/Domain/Music.php(19): Model_Music->music_list('19', '22768', '1')
#4 /data/wwwroot/lebo.com/api/Appapi/Api/Music.php(89): Domain_Music->music_list('19', '22768', '1')
#5 /data/wwwroot/lebo.com/api/PhalApi/PhalApi.php(57): Api_Music->music_list()
#6 /data/wwwroot/lebo.com/api/public/index.php(14): PhalApi->response()
#7 {main}
2019-01-14 15:35:07|ERROR|Music.music_list|PDOException: Unknown column 'title_kr' in 'field list' in /data/wwwroot/lebo.com/api/PhalApi/NotORM/NotORM/Result.php:247
Stack trace:
#0 /data/wwwroot/lebo.com/api/PhalApi/NotORM/NotORM/Result.php(784): NotORM_Result->query('SELECT id,title...', Array)
#1 /data/wwwroot/lebo.com/api/PhalApi/NotORM/NotORM/Result.php(861): NotORM_Result->execute()
#2 /data/wwwroot/lebo.com/api/Appapi/Model/Music.php(37): NotORM_Result->fetchAll()
#3 /data/wwwroot/lebo.com/api/Appapi/Domain/Music.php(19): Model_Music->music_list('19', '22768', '1')
#4 /data/wwwroot/lebo.com/api/Appapi/Api/Music.php(89): Domain_Music->music_list('19', '22768', '1')
#5 /data/wwwroot/lebo.com/api/PhalApi/PhalApi.php(57): Api_Music->music_list()
#6 /data/wwwroot/lebo.com/api/public/index.php(14): PhalApi->response()
#7 {main}
2019-01-14 15:35:27|ERROR|Music.music_list|PDOException: Unknown column 'title_kr' in 'field list' in /data/wwwroot/lebo.com/api/PhalApi/NotORM/NotORM/Result.php:247
Stack trace:
#0 /data/wwwroot/lebo.com/api/PhalApi/NotORM/NotORM/Result.php(784): NotORM_Result->query('SELECT id,title...', Array)
#1 /data/wwwroot/lebo.com/api/PhalApi/NotORM/NotORM/Result.php(861): NotORM_Result->execute()
#2 /data/wwwroot/lebo.com/api/Appapi/Model/Music.php(37): NotORM_Result->fetchAll()
#3 /data/wwwroot/lebo.com/api/Appapi/Domain/Music.php(19): Model_Music->music_list('19', '22768', '1')
#4 /data/wwwroot/lebo.com/api/Appapi/Api/Music.php(89): Domain_Music->music_list('19', '22768', '1')
#5 /data/wwwroot/lebo.com/api/PhalApi/PhalApi.php(57): Api_Music->music_list()
#6 /data/wwwroot/lebo.com/api/public/index.php(14): PhalApi->response()
#7 {main}
2019-01-14 15:35:27|ERROR|Music.music_list|PDOException: Unknown column 'title_kr' in 'field list' in /data/wwwroot/lebo.com/api/PhalApi/NotORM/NotORM/Result.php:247
Stack trace:
#0 /data/wwwroot/lebo.com/api/PhalApi/NotORM/NotORM/Result.php(784): NotORM_Result->query('SELECT id,title...', Array)
#1 /data/wwwroot/lebo.com/api/PhalApi/NotORM/NotORM/Result.php(861): NotORM_Result->execute()
#2 /data/wwwroot/lebo.com/api/Appapi/Model/Music.php(37): NotORM_Result->fetchAll()
#3 /data/wwwroot/lebo.com/api/Appapi/Domain/Music.php(19): Model_Music->music_list('19', '22768', '1')
#4 /data/wwwroot/lebo.com/api/Appapi/Api/Music.php(89): Domain_Music->music_list('19', '22768', '1')
#5 /data/wwwroot/lebo.com/api/PhalApi/PhalApi.php(57): Api_Music->music_list()
#6 /data/wwwroot/lebo.com/api/public/index.php(14): PhalApi->response()
#7 {main}
2019-01-14 15:36:25|ERROR|Music.music_list|PDOException: Unknown column 'title_kr' in 'field list' in /data/wwwroot/lebo.com/api/PhalApi/NotORM/NotORM/Result.php:247
Stack trace:
#0 /data/wwwroot/lebo.com/api/PhalApi/NotORM/NotORM/Result.php(784): NotORM_Result->query('SELECT id,title...', Array)
#1 /data/wwwroot/lebo.com/api/PhalApi/NotORM/NotORM/Result.php(861): NotORM_Result->execute()
#2 /data/wwwroot/lebo.com/api/Appapi/Model/Music.php(37): NotORM_Result->fetchAll()
#3 /data/wwwroot/lebo.com/api/Appapi/Domain/Music.php(19): Model_Music->music_list('19', '22768', '1')
#4 /data/wwwroot/lebo.com/api/Appapi/Api/Music.php(89): Domain_Music->music_list('19', '22768', '1')
#5 /data/wwwroot/lebo.com/api/PhalApi/PhalApi.php(57): Api_Music->music_list()
#6 /data/wwwroot/lebo.com/api/public/index.php(14): PhalApi->response()
#7 {main}
2019-01-14 15:36:37|ERROR|Music.music_list|PDOException: Unknown column 'title_kr' in 'field list' in /data/wwwroot/lebo.com/api/PhalApi/NotORM/NotORM/Result.php:247
Stack trace:
#0 /data/wwwroot/lebo.com/api/PhalApi/NotORM/NotORM/Result.php(784): NotORM_Result->query('SELECT id,title...', Array)
#1 /data/wwwroot/lebo.com/api/PhalApi/NotORM/NotORM/Result.php(861): NotORM_Result->execute()
#2 /data/wwwroot/lebo.com/api/Appapi/Model/Music.php(37): NotORM_Result->fetchAll()
#3 /data/wwwroot/lebo.com/api/Appapi/Domain/Music.php(19): Model_Music->music_list('19', '22768', '1')
#4 /data/wwwroot/lebo.com/api/Appapi/Api/Music.php(89): Domain_Music->music_list('19', '22768', '1')
#5 /data/wwwroot/lebo.com/api/PhalApi/PhalApi.php(57): Api_Music->music_list()
#6 /data/wwwroot/lebo.com/api/public/index.php(14): PhalApi->response()
#7 {main}
2019-01-14 15:36:45|ERROR|Music.music_list|PDOException: Unknown column 'title_kr' in 'field list' in /data/wwwroot/lebo.com/api/PhalApi/NotORM/NotORM/Result.php:247
Stack trace:
#0 /data/wwwroot/lebo.com/api/PhalApi/NotORM/NotORM/Result.php(784): NotORM_Result->query('SELECT id,title...', Array)
#1 /data/wwwroot/lebo.com/api/PhalApi/NotORM/NotORM/Result.php(861): NotORM_Result->execute()
#2 /data/wwwroot/lebo.com/api/Appapi/Model/Music.php(37): NotORM_Result->fetchAll()
#3 /data/wwwroot/lebo.com/api/Appapi/Domain/Music.php(19): Model_Music->music_list('19', '22768', '1')
#4 /data/wwwroot/lebo.com/api/Appapi/Api/Music.php(89): Domain_Music->music_list('19', '22768', '1')
#5 /data/wwwroot/lebo.com/api/PhalApi/PhalApi.php(57): Api_Music->music_list()
#6 /data/wwwroot/lebo.com/api/public/index.php(14): PhalApi->response()
#7 {main}
2019-01-14 15:37:39|ERROR|Music.music_list|PDOException: Unknown column 'title_kr' in 'field list' in /data/wwwroot/lebo.com/api/PhalApi/NotORM/NotORM/Result.php:247
Stack trace:
#0 /data/wwwroot/lebo.com/api/PhalApi/NotORM/NotORM/Result.php(784): NotORM_Result->query('SELECT id,title...', Array)
#1 /data/wwwroot/lebo.com/api/PhalApi/NotORM/NotORM/Result.php(861): NotORM_Result->execute()
#2 /data/wwwroot/lebo.com/api/Appapi/Model/Music.php(37): NotORM_Result->fetchAll()
#3 /data/wwwroot/lebo.com/api/Appapi/Domain/Music.php(19): Model_Music->music_list('0', '', '1')
#4 /data/wwwroot/lebo.com/api/Appapi/Api/Music.php(89): Domain_Music->music_list('0', '', '1')
#5 /data/wwwroot/lebo.com/api/PhalApi/PhalApi.php(57): Api_Music->music_list()
#6 /data/wwwroot/lebo.com/api/public/index.php(14): PhalApi->response()
#7 {main}
2019-01-14 15:37:49|ERROR|Music.music_list|PDOException: Unknown column 'title_kr' in 'field list' in /data/wwwroot/lebo.com/api/PhalApi/NotORM/NotORM/Result.php:247
Stack trace:
#0 /data/wwwroot/lebo.com/api/PhalApi/NotORM/NotORM/Result.php(784): NotORM_Result->query('SELECT id,title...', Array)
#1 /data/wwwroot/lebo.com/api/PhalApi/NotORM/NotORM/Result.php(861): NotORM_Result->execute()
#2 /data/wwwroot/lebo.com/api/Appapi/Model/Music.php(37): NotORM_Result->fetchAll()
#3 /data/wwwroot/lebo.com/api/Appapi/Domain/Music.php(19): Model_Music->music_list('19', '22768', '1')
#4 /data/wwwroot/lebo.com/api/Appapi/Api/Music.php(89): Domain_Music->music_list('19', '22768', '1')
#5 /data/wwwroot/lebo.com/api/PhalApi/PhalApi.php(57): Api_Music->music_list()
#6 /data/wwwroot/lebo.com/api/public/index.php(14): PhalApi->response()
#7 {main}
2019-01-14 15:37:51|ERROR|Music.music_list|PDOException: Unknown column 'title_kr' in 'field list' in /data/wwwroot/lebo.com/api/PhalApi/NotORM/NotORM/Result.php:247
Stack trace:
#0 /data/wwwroot/lebo.com/api/PhalApi/NotORM/NotORM/Result.php(784): NotORM_Result->query('SELECT id,title...', Array)
#1 /data/wwwroot/lebo.com/api/PhalApi/NotORM/NotORM/Result.php(861): NotORM_Result->execute()
#2 /data/wwwroot/lebo.com/api/Appapi/Model/Music.php(37): NotORM_Result->fetchAll()
#3 /data/wwwroot/lebo.com/api/Appapi/Domain/Music.php(19): Model_Music->music_list('19', '22768', '1')
#4 /data/wwwroot/lebo.com/api/Appapi/Api/Music.php(89): Domain_Music->music_list('19', '22768', '1')
#5 /data/wwwroot/lebo.com/api/PhalApi/PhalApi.php(57): Api_Music->music_list()
#6 /data/wwwroot/lebo.com/api/public/index.php(14): PhalApi->response()
#7 {main}
2019-01-14 15:37:53|ERROR|Music.music_list|PDOException: Unknown column 'title_kr' in 'field list' in /data/wwwroot/lebo.com/api/PhalApi/NotORM/NotORM/Result.php:247
Stack trace:
#0 /data/wwwroot/lebo.com/api/PhalApi/NotORM/NotORM/Result.php(784): NotORM_Result->query('SELECT id,title...', Array)
#1 /data/wwwroot/lebo.com/api/PhalApi/NotORM/NotORM/Result.php(861): NotORM_Result->execute()
#2 /data/wwwroot/lebo.com/api/Appapi/Model/Music.php(37): NotORM_Result->fetchAll()
#3 /data/wwwroot/lebo.com/api/Appapi/Domain/Music.php(19): Model_Music->music_list('19', '22768', '1')
#4 /data/wwwroot/lebo.com/api/Appapi/Api/Music.php(89): Domain_Music->music_list('19', '22768', '1')
#5 /data/wwwroot/lebo.com/api/PhalApi/PhalApi.php(57): Api_Music->music_list()
#6 /data/wwwroot/lebo.com/api/public/index.php(14): PhalApi->response()
#7 {main}
2019-01-14 15:38:35|ERROR|Music.music_list|PDOException: Unknown column 'title_kr' in 'field list' in /data/wwwroot/lebo.com/api/PhalApi/NotORM/NotORM/Result.php:247
Stack trace:
#0 /data/wwwroot/lebo.com/api/PhalApi/NotORM/NotORM/Result.php(784): NotORM_Result->query('SELECT id,title...', Array)
#1 /data/wwwroot/lebo.com/api/PhalApi/NotORM/NotORM/Result.php(861): NotORM_Result->execute()
#2 /data/wwwroot/lebo.com/api/Appapi/Model/Music.php(37): NotORM_Result->fetchAll()
#3 /data/wwwroot/lebo.com/api/Appapi/Domain/Music.php(19): Model_Music->music_list('19', '22768', '1')
#4 /data/wwwroot/lebo.com/api/Appapi/Api/Music.php(89): Domain_Music->music_list('19', '22768', '1')
#5 /data/wwwroot/lebo.com/api/PhalApi/PhalApi.php(57): Api_Music->music_list()
#6 /data/wwwroot/lebo.com/api/public/index.php(14): PhalApi->response()
#7 {main}
2019-01-14 15:39:23|ERROR|Music.music_list|PDOException: Unknown column 'title_kr' in 'field list' in /data/wwwroot/lebo.com/api/PhalApi/NotORM/NotORM/Result.php:247
Stack trace:
#0 /data/wwwroot/lebo.com/api/PhalApi/NotORM/NotORM/Result.php(784): NotORM_Result->query('SELECT id,title...', Array)
#1 /data/wwwroot/lebo.com/api/PhalApi/NotORM/NotORM/Result.php(861): NotORM_Result->execute()
#2 /data/wwwroot/lebo.com/api/Appapi/Model/Music.php(37): NotORM_Result->fetchAll()
#3 /data/wwwroot/lebo.com/api/Appapi/Domain/Music.php(19): Model_Music->music_list('19', '22768', '1')
#4 /data/wwwroot/lebo.com/api/Appapi/Api/Music.php(89): Domain_Music->music_list('19', '22768', '1')
#5 /data/wwwroot/lebo.com/api/PhalApi/PhalApi.php(57): Api_Music->music_list()
#6 /data/wwwroot/lebo.com/api/public/index.php(14): PhalApi->response()
#7 {main}
2019-01-14 15:40:03|ERROR|Music.music_list|PDOException: Unknown column 'title_kr' in 'field list' in /data/wwwroot/lebo.com/api/PhalApi/NotORM/NotORM/Result.php:247
Stack trace:
#0 /data/wwwroot/lebo.com/api/PhalApi/NotORM/NotORM/Result.php(784): NotORM_Result->query('SELECT id,title...', Array)
#1 /data/wwwroot/lebo.com/api/PhalApi/NotORM/NotORM/Result.php(861): NotORM_Result->execute()
#2 /data/wwwroot/lebo.com/api/Appapi/Model/Music.php(37): NotORM_Result->fetchAll()
#3 /data/wwwroot/lebo.com/api/Appapi/Domain/Music.php(19): Model_Music->music_list('19', '22768', '1')
#4 /data/wwwroot/lebo.com/api/Appapi/Api/Music.php(89): Domain_Music->music_list('19', '22768', '1')
#5 /data/wwwroot/lebo.com/api/PhalApi/PhalApi.php(57): Api_Music->music_list()
#6 /data/wwwroot/lebo.com/api/public/index.php(14): PhalApi->response()
#7 {main}
2019-01-14 15:42:21|ERROR|Music.music_list|PDOException: Unknown column 'title_kr' in 'field list' in /data/wwwroot/lebo.com/api/PhalApi/NotORM/NotORM/Result.php:247
Stack trace:
#0 /data/wwwroot/lebo.com/api/PhalApi/NotORM/NotORM/Result.php(784): NotORM_Result->query('SELECT id,title...', Array)
#1 /data/wwwroot/lebo.com/api/PhalApi/NotORM/NotORM/Result.php(861): NotORM_Result->execute()
#2 /data/wwwroot/lebo.com/api/Appapi/Model/Music.php(42): NotORM_Result->fetchAll()
#3 /data/wwwroot/lebo.com/api/Appapi/Domain/Music.php(19): Model_Music->music_list('14', '22768', '1')
#4 /data/wwwroot/lebo.com/api/Appapi/Api/Music.php(89): Domain_Music->music_list('14', '22768', '1')
#5 /data/wwwroot/lebo.com/api/PhalApi/PhalApi.php(57): Api_Music->music_list()
#6 /data/wwwroot/lebo.com/api/public/index.php(14): PhalApi->response()
#7 {main}
2019-01-14 16:04:40|ERROR|Video.setVideo|PDOException: You have an error in your SQL syntax; check the manual that corresponds to your MySQL server version for the right syntax to use near 'WHERE (uid=22781 and addtime=1547395200)' at line 1 in /data/wwwroot/lebo.com/api/PhalApi/NotORM/NotORM/Result.php:247
Stack trace:
#0 /data/wwwroot/lebo.com/api/PhalApi/NotORM/NotORM/Result.php(396): NotORM_Result->query('UPDATE cmf_user...', Array)
#1 /data/wwwroot/lebo.com/api/Appapi/Model/Video.php(24): NotORM_Result->update(Array)
#2 /data/wwwroot/lebo.com/api/Appapi/Domain/Video.php(8): Model_Video->setVideo(Array, '0')
#3 /data/wwwroot/lebo.com/api/Appapi/Api/Video.php(201): Domain_Video->setVideo(Array, '0')
#4 /data/wwwroot/lebo.com/api/PhalApi/PhalApi.php(57): Api_Video->setVideo()
#5 /data/wwwroot/lebo.com/api/public/index.php(14): PhalApi->response()
#6 {main}
2019-01-14 17:36:59|ERROR|Video.setVideo|PDOException: You have an error in your SQL syntax; check the manual that corresponds to your MySQL server version for the right syntax to use near 'WHERE (uid=22764 and addtime=1547395200)' at line 1 in /data/wwwroot/lebo.com/api/PhalApi/NotORM/NotORM/Result.php:247
Stack trace:
#0 /data/wwwroot/lebo.com/api/PhalApi/NotORM/NotORM/Result.php(396): NotORM_Result->query('UPDATE cmf_user...', Array)
#1 /data/wwwroot/lebo.com/api/Appapi/Model/Video.php(24): NotORM_Result->update(Array)
#2 /data/wwwroot/lebo.com/api/Appapi/Domain/Video.php(8): Model_Video->setVideo(Array, '0')
#3 /data/wwwroot/lebo.com/api/Appapi/Api/Video.php(201): Domain_Video->setVideo(Array, '0')
#4 /data/wwwroot/lebo.com/api/PhalApi/PhalApi.php(57): Api_Video->setVideo()
#5 /data/wwwroot/lebo.com/api/public/index.php(14): PhalApi->response()
#6 {main}
2019-01-14 17:40:58|ERROR|Video.setVideo|PDOException: You have an error in your SQL syntax; check the manual that corresponds to your MySQL server version for the right syntax to use near 'WHERE (uid=22764 and addtime=1547395200)' at line 1 in /data/wwwroot/lebo.com/api/PhalApi/NotORM/NotORM/Result.php:247
Stack trace:
#0 /data/wwwroot/lebo.com/api/PhalApi/NotORM/NotORM/Result.php(396): NotORM_Result->query('UPDATE cmf_user...', Array)
#1 /data/wwwroot/lebo.com/api/Appapi/Model/Video.php(24): NotORM_Result->update(Array)
#2 /data/wwwroot/lebo.com/api/Appapi/Domain/Video.php(8): Model_Video->setVideo(Array, '0')
#3 /data/wwwroot/lebo.com/api/Appapi/Api/Video.php(201): Domain_Video->setVideo(Array, '0')
#4 /data/wwwroot/lebo.com/api/PhalApi/PhalApi.php(57): Api_Video->setVideo()
#5 /data/wwwroot/lebo.com/api/public/index.php(14): PhalApi->response()
#6 {main}
2019-01-14 17:41:50|ERROR|Video.setVideo|PDOException: You have an error in your SQL syntax; check the manual that corresponds to your MySQL server version for the right syntax to use near 'WHERE (uid=22764 and addtime=1547395200)' at line 1 in /data/wwwroot/lebo.com/api/PhalApi/NotORM/NotORM/Result.php:247
Stack trace:
#0 /data/wwwroot/lebo.com/api/PhalApi/NotORM/NotORM/Result.php(396): NotORM_Result->query('UPDATE cmf_user...', Array)
#1 /data/wwwroot/lebo.com/api/Appapi/Model/Video.php(24): NotORM_Result->update(Array)
#2 /data/wwwroot/lebo.com/api/Appapi/Domain/Video.php(8): Model_Video->setVideo(Array, '0')
#3 /data/wwwroot/lebo.com/api/Appapi/Api/Video.php(201): Domain_Video->setVideo(Array, '0')
#4 /data/wwwroot/lebo.com/api/PhalApi/PhalApi.php(57): Api_Video->setVideo()
#5 /data/wwwroot/lebo.com/api/public/index.php(14): PhalApi->response()
#6 {main}
2019-01-14 17:47:19|ERROR|Video.setVideo|PDOException: You have an error in your SQL syntax; check the manual that corresponds to your MySQL server version for the right syntax to use near 'WHERE (uid=22764 and addtime=1547395200)' at line 1 in /data/wwwroot/lebo.com/api/PhalApi/NotORM/NotORM/Result.php:247
Stack trace:
#0 /data/wwwroot/lebo.com/api/PhalApi/NotORM/NotORM/Result.php(396): NotORM_Result->query('UPDATE cmf_user...', Array)
#1 /data/wwwroot/lebo.com/api/Appapi/Model/Video.php(24): NotORM_Result->update(Array)
#2 /data/wwwroot/lebo.com/api/Appapi/Domain/Video.php(8): Model_Video->setVideo(Array, '0')
#3 /data/wwwroot/lebo.com/api/Appapi/Api/Video.php(201): Domain_Video->setVideo(Array, '0')
#4 /data/wwwroot/lebo.com/api/PhalApi/PhalApi.php(57): Api_Video->setVideo()
#5 /data/wwwroot/lebo.com/api/public/index.php(14): PhalApi->response()
#6 {main}
2019-01-14 17:50:18|ERROR|Video.setVideo|PDOException: You have an error in your SQL syntax; check the manual that corresponds to your MySQL server version for the right syntax to use near 'WHERE (uid=22764 and addtime=1547395200)' at line 1 in /data/wwwroot/lebo.com/api/PhalApi/NotORM/NotORM/Result.php:247
Stack trace:
#0 /data/wwwroot/lebo.com/api/PhalApi/NotORM/NotORM/Result.php(396): NotORM_Result->query('UPDATE cmf_user...', Array)
#1 /data/wwwroot/lebo.com/api/Appapi/Model/Video.php(24): NotORM_Result->update(Array)
#2 /data/wwwroot/lebo.com/api/Appapi/Domain/Video.php(8): Model_Video->setVideo(Array, '0')
#3 /data/wwwroot/lebo.com/api/Appapi/Api/Video.php(201): Domain_Video->setVideo(Array, '0')
#4 /data/wwwroot/lebo.com/api/PhalApi/PhalApi.php(57): Api_Video->setVideo()
#5 /data/wwwroot/lebo.com/api/public/index.php(14): PhalApi->response()
#6 {main}
2019-01-14 17:52:15|ERROR|Video.setVideo|PDOException: You have an error in your SQL syntax; check the manual that corresponds to your MySQL server version for the right syntax to use near 'WHERE (uid=22764 and addtime=1547395200)' at line 1 in /data/wwwroot/lebo.com/api/PhalApi/NotORM/NotORM/Result.php:247
Stack trace:
#0 /data/wwwroot/lebo.com/api/PhalApi/NotORM/NotORM/Result.php(396): NotORM_Result->query('UPDATE cmf_user...', Array)
#1 /data/wwwroot/lebo.com/api/Appapi/Model/Video.php(24): NotORM_Result->update(Array)
#2 /data/wwwroot/lebo.com/api/Appapi/Domain/Video.php(8): Model_Video->setVideo(Array, '0')
#3 /data/wwwroot/lebo.com/api/Appapi/Api/Video.php(201): Domain_Video->setVideo(Array, '0')
#4 /data/wwwroot/lebo.com/api/PhalApi/PhalApi.php(57): Api_Video->setVideo()
#5 /data/wwwroot/lebo.com/api/public/index.php(14): PhalApi->response()
#6 {main}
2019-01-14 18:21:28|ERROR|Video.setVideo|PDOException: You have an error in your SQL syntax; check the manual that corresponds to your MySQL server version for the right syntax to use near 'WHERE (uid=22764 and addtime=1547395200)' at line 1 in /data/wwwroot/lebo.com/api/PhalApi/NotORM/NotORM/Result.php:247
Stack trace:
#0 /data/wwwroot/lebo.com/api/PhalApi/NotORM/NotORM/Result.php(396): NotORM_Result->query('UPDATE cmf_user...', Array)
#1 /data/wwwroot/lebo.com/api/Appapi/Model/Video.php(24): NotORM_Result->update(Array)
#2 /data/wwwroot/lebo.com/api/Appapi/Domain/Video.php(8): Model_Video->setVideo(Array, '0')
#3 /data/wwwroot/lebo.com/api/Appapi/Api/Video.php(201): Domain_Video->setVideo(Array, '0')
#4 /data/wwwroot/lebo.com/api/PhalApi/PhalApi.php(57): Api_Video->setVideo()
#5 /data/wwwroot/lebo.com/api/public/index.php(14): PhalApi->response()
#6 {main}
2019-01-14 18:33:18|ERROR|Video.setVideo|PDOException: You have an error in your SQL syntax; check the manual that corresponds to your MySQL server version for the right syntax to use near 'WHERE (uid=22764 and addtime=1547395200)' at line 1 in /data/wwwroot/lebo.com/api/PhalApi/NotORM/NotORM/Result.php:247
Stack trace:
#0 /data/wwwroot/lebo.com/api/PhalApi/NotORM/NotORM/Result.php(396): NotORM_Result->query('UPDATE cmf_user...', Array)
#1 /data/wwwroot/lebo.com/api/Appapi/Model/Video.php(24): NotORM_Result->update(Array)
#2 /data/wwwroot/lebo.com/api/Appapi/Domain/Video.php(8): Model_Video->setVideo(Array, '0')
#3 /data/wwwroot/lebo.com/api/Appapi/Api/Video.php(201): Domain_Video->setVideo(Array, '0')
#4 /data/wwwroot/lebo.com/api/PhalApi/PhalApi.php(57): Api_Video->setVideo()
#5 /data/wwwroot/lebo.com/api/public/index.php(14): PhalApi->response()
#6 {main}
2019-01-14 18:40:58|ERROR|Video.setVideo|PDOException: You have an error in your SQL syntax; check the manual that corresponds to your MySQL server version for the right syntax to use near 'WHERE (uid=22764 and addtime=1547395200)' at line 1 in /data/wwwroot/lebo.com/api/PhalApi/NotORM/NotORM/Result.php:247
Stack trace:
#0 /data/wwwroot/lebo.com/api/PhalApi/NotORM/NotORM/Result.php(396): NotORM_Result->query('UPDATE cmf_user...', Array)
#1 /data/wwwroot/lebo.com/api/Appapi/Model/Video.php(24): NotORM_Result->update(Array)
#2 /data/wwwroot/lebo.com/api/Appapi/Domain/Video.php(8): Model_Video->setVideo(Array, '0')
#3 /data/wwwroot/lebo.com/api/Appapi/Api/Video.php(201): Domain_Video->setVideo(Array, '0')
#4 /data/wwwroot/lebo.com/api/PhalApi/PhalApi.php(57): Api_Video->setVideo()
#5 /data/wwwroot/lebo.com/api/public/index.php(14): PhalApi->response()
#6 {main}
2019-01-14 18:42:09|ERROR|Video.setVideo|PDOException: You have an error in your SQL syntax; check the manual that corresponds to your MySQL server version for the right syntax to use near 'WHERE (uid=22764 and addtime=1547395200)' at line 1 in /data/wwwroot/lebo.com/api/PhalApi/NotORM/NotORM/Result.php:247
Stack trace:
#0 /data/wwwroot/lebo.com/api/PhalApi/NotORM/NotORM/Result.php(396): NotORM_Result->query('UPDATE cmf_user...', Array)
#1 /data/wwwroot/lebo.com/api/Appapi/Model/Video.php(24): NotORM_Result->update(Array)
#2 /data/wwwroot/lebo.com/api/Appapi/Domain/Video.php(8): Model_Video->setVideo(Array, '0')
#3 /data/wwwroot/lebo.com/api/Appapi/Api/Video.php(201): Domain_Video->setVideo(Array, '0')
#4 /data/wwwroot/lebo.com/api/PhalApi/PhalApi.php(57): Api_Video->setVideo()
#5 /data/wwwroot/lebo.com/api/public/index.php(14): PhalApi->response()
#6 {main}
2019-01-14 18:43:19|ERROR|Video.setVideo|PDOException: You have an error in your SQL syntax; check the manual that corresponds to your MySQL server version for the right syntax to use near 'WHERE (uid=22764 and addtime=1547395200)' at line 1 in /data/wwwroot/lebo.com/api/PhalApi/NotORM/NotORM/Result.php:247
Stack trace:
#0 /data/wwwroot/lebo.com/api/PhalApi/NotORM/NotORM/Result.php(396): NotORM_Result->query('UPDATE cmf_user...', Array)
#1 /data/wwwroot/lebo.com/api/Appapi/Model/Video.php(24): NotORM_Result->update(Array)
#2 /data/wwwroot/lebo.com/api/Appapi/Domain/Video.php(8): Model_Video->setVideo(Array, '0')
#3 /data/wwwroot/lebo.com/api/Appapi/Api/Video.php(201): Domain_Video->setVideo(Array, '0')
#4 /data/wwwroot/lebo.com/api/PhalApi/PhalApi.php(57): Api_Video->setVideo()
#5 /data/wwwroot/lebo.com/api/public/index.php(14): PhalApi->response()
#6 {main}
